<?xml version="1.0" encoding="UTF-8"?>
<!-- Generated by org.testng.reporters.JUnitXMLReporter -->
<testsuite ignored="0" hostname="Users-MacBook-Air.local" failures="1" tests="1" name="Default test" time="52.539" errors="0" timestamp="2023-04-25T12:40:36 IST">
  <testcase classname="io.cucumber.testng.AbstractTestNGCucumberTests" name="runScenario" time="50.976">
    <failure type="java.lang.AssertionError" message="Failed to verify text : expected [Publis] but found [Published]">
      <![CDATA[java.lang.AssertionError: Failed to verify text : expected [Publis] but found [Published]
at org.testng.Assert.fail(Assert.java:110)
at org.testng.Assert.failNotEquals(Assert.java:1413)
at org.testng.Assert.assertEqualsImpl(Assert.java:149)
at org.testng.Assert.assertEquals(Assert.java:131)
at org.testng.Assert.assertEquals(Assert.java:655)
at web.web_page_objects.Web_QuestionnairePage.verifyQuestionnairePagedetails(Web_QuestionnairePage.java:63)
at web.web_stepdefinitions.QuestionnairePage_StepDefinitions.verifyQuestionnairePagedetails(QuestionnairePage_StepDefinitions.java:22)
at âœ½.Validate the Questionnaire Page details(file:///Users/user/Desktop/Nimbly-Web-Automation/New-Framework/nimbly-automation/src/test/java/web/web_features/VerifyQuestionnairePageDetails.feature:13)
]]>
    </failure>
  </testcase> <!-- runScenario -->
</testsuite> <!-- Default test -->
