<html>
<head>
<title>TestNG:  Default test</title>
<link href="../testng.css" rel="stylesheet" type="text/css" />
<link href="../my-testng.css" rel="stylesheet" type="text/css" />

<style type="text/css">
.log { display: none;} 
.stack-trace { display: none;} 
</style>
<script type="text/javascript">
<!--
function flip(e) {
  current = e.style.display;
  if (current == 'block') {
    e.style.display = 'none';
    return 0;
  }
  else {
    e.style.display = 'block';
    return 1;
  }
}

function toggleBox(szDivId, elem, msg1, msg2)
{
  var res = -1;  if (document.getElementById) {
    res = flip(document.getElementById(szDivId));
  }
  else if (document.all) {
    // this is the way old msie versions work
    res = flip(document.all[szDivId]);
  }
  if(elem) {
    if(res == 0) elem.innerHTML = msg1; else elem.innerHTML = msg2;
  }

}

function toggleAllBoxes() {
  if (document.getElementsByTagName) {
    d = document.getElementsByTagName('div');
    for (i = 0; i < d.length; i++) {
      if (d[i].className == 'log') {
        flip(d[i]);
      }
    }
  }
}

// -->
</script>

</head>
<body>
<h2 align='center'>Default test</h2><table border='1' align="center">
<tr>
<td>Tests passed/Failed/Skipped:</td><td>0/1/0</td>
</tr><tr>
<td>Started on:</td><td>Tue Apr 25 12:39:43 IST 2023</td>
</tr>
<tr><td>Total time:</td><td>52 seconds (52539 ms)</td>
</tr><tr>
<td>Included groups:</td><td></td>
</tr><tr>
<td>Excluded groups:</td><td></td>
</tr>
</table><p/>
<small><i>(Hover the method name to see the test class name)</i></small><p/>
<table width='100%' border='1' class='invocation-failed'>
<tr><td colspan='4' align='center'><b>FAILED TESTS</b></td></tr>
<tr><td><b>Test method</b></td>
<td><b>Attribute(s)</b></td>
<td width="30%"><b>Exception</b></td>
<td width="10%"><b>Time (seconds)</b></td>
<td><b>Instance</b></td>
</tr>
<tr>
<td title='cucumber_options.TestNG_testrunner_web.runScenario()'><b>runScenario</b><br>Test class: cucumber_options.TestNG_testrunner_web<br>Test method: Runs Cucumber Scenarios<br>Parameters: "Verify UI of Questionnaire Page", "Verify Questionnaire Page Details"</td>
<td><div><pre>java.lang.AssertionError: Failed to verify text : expected [Publis] but found [Published]
	at org.testng.Assert.fail(Assert.java:110)
	at org.testng.Assert.failNotEquals(Assert.java:1413)
	at org.testng.Assert.assertEqualsImpl(Assert.java:149)
	at org.testng.Assert.assertEquals(Assert.java:131)
	at org.testng.Assert.assertEquals(Assert.java:655)
	at web.web_page_objects.Web_QuestionnairePage.verifyQuestionnairePagedetails(Web_QuestionnairePage.java:63)
	at web.web_stepdefinitions.QuestionnairePage_StepDefinitions.verifyQuestionnairePagedetails(QuestionnairePage_StepDefinitions.java:22)
	at ✽.Validate the Questionnaire Page details(file:///Users/user/Desktop/Nimbly-Web-Automation/New-Framework/nimbly-automation/src/test/java/web/web_features/VerifyQuestionnairePageDetails.feature:13)
</pre></div><a href='#' onClick='toggleBox("stack-trace1855463032", this, "Click to show all stack frames", "Click to hide stack frames")'>Click to show all stack frames</a>
<div class='stack-trace' id='stack-trace1855463032'><pre>java.lang.AssertionError: Failed to verify text : expected [Publis] but found [Published]
	at org.testng.Assert.fail(Assert.java:110)
	at org.testng.Assert.failNotEquals(Assert.java:1413)
	at org.testng.Assert.assertEqualsImpl(Assert.java:149)
	at org.testng.Assert.assertEquals(Assert.java:131)
	at org.testng.Assert.assertEquals(Assert.java:655)
	at web.web_page_objects.Web_QuestionnairePage.verifyQuestionnairePagedetails(Web_QuestionnairePage.java:63)
	at web.web_stepdefinitions.QuestionnairePage_StepDefinitions.verifyQuestionnairePagedetails(QuestionnairePage_StepDefinitions.java:22)
	at ✽.Validate the Questionnaire Page details(file:///Users/user/Desktop/Nimbly-Web-Automation/New-Framework/nimbly-automation/src/test/java/web/web_features/VerifyQuestionnairePageDetails.feature:13)
</pre></div></td>
<td>50</td>
<td>cucumber_options.TestNG_testrunner_web@7d9d0818</td></tr>
</table><p>
</body>
</html>