<?xml version="1.0" encoding="UTF-8"?>
<testng-results ignored="0" total="1" passed="0" failed="1" skipped="0">
  <reporter-output>
  </reporter-output>
  <suite started-at="2023-04-25T12:39:43 IST" name="Default suite" finished-at="2023-04-25T12:40:36 IST" duration-ms="52539">
    <groups>
      <group name="cucumber">
        <method signature="AbstractTestNGCucumberTests.runScenario(io.cucumber.testng.PickleWrapper,io.cucumber.testng.FeatureWrapper)[pri:0, instance:cucumber_options.TestNG_testrunner_web@7d9d0818]" name="runScenario" class="io.cucumber.testng.AbstractTestNGCucumberTests"/>
      </group> <!-- cucumber -->
    </groups>
    <test started-at="2023-04-25T12:39:43 IST" name="Default test" finished-at="2023-04-25T12:40:36 IST" duration-ms="52539">
      <class name="cucumber_options.TestNG_testrunner_web">
        <test-method is-config="true" signature="setUpClass(org.testng.ITestContext)[pri:0, instance:cucumber_options.TestNG_testrunner_web@7d9d0818]" started-at="2023-04-25T12:39:43 IST" name="setUpClass" finished-at="2023-04-25T12:39:44 IST" duration-ms="939" status="PASS">
          <params>
            <param index="0">
              <value>
                <![CDATA[org.testng.TestRunner@2c5708e7]]>
              </value>
            </param>
          </params>
          <reporter-output>
          </reporter-output>
        </test-method> <!-- setUpClass -->
        <test-method signature="runScenario(io.cucumber.testng.PickleWrapper,io.cucumber.testng.FeatureWrapper)[pri:0, instance:cucumber_options.TestNG_testrunner_web@7d9d0818]" started-at="2023-04-25T12:39:44 IST" name="runScenario" description="Runs Cucumber Scenarios" data-provider="scenarios" finished-at="2023-04-25T12:40:35 IST" duration-ms="50976" status="FAIL">
          <params>
            <param index="0">
              <value>
                <![CDATA["Verify UI of Questionnaire Page"]]>
              </value>
            </param>
            <param index="1">
              <value>
                <![CDATA["Verify Questionnaire Page Details"]]>
              </value>
            </param>
          </params>
          <exception class="java.lang.AssertionError">
            <message>
              <![CDATA[Failed to verify text : expected [Publis] but found [Published]]]>
            </message>
            <full-stacktrace>
              <![CDATA[java.lang.AssertionError: Failed to verify text : expected [Publis] but found [Published]
at org.testng.Assert.fail(Assert.java:110)
at org.testng.Assert.failNotEquals(Assert.java:1413)
at org.testng.Assert.assertEqualsImpl(Assert.java:149)
at org.testng.Assert.assertEquals(Assert.java:131)
at org.testng.Assert.assertEquals(Assert.java:655)
at web.web_page_objects.Web_QuestionnairePage.verifyQuestionnairePagedetails(Web_QuestionnairePage.java:63)
at web.web_stepdefinitions.QuestionnairePage_StepDefinitions.verifyQuestionnairePagedetails(QuestionnairePage_StepDefinitions.java:22)
at âœ½.Validate the Questionnaire Page details(file:///Users/user/Desktop/Nimbly-Web-Automation/New-Framework/nimbly-automation/src/test/java/web/web_features/VerifyQuestionnairePageDetails.feature:13)
]]>
            </full-stacktrace>
          </exception> <!-- java.lang.AssertionError -->
          <reporter-output>
          </reporter-output>
        </test-method> <!-- runScenario -->
        <test-method is-config="true" signature="tearDownClass()[pri:0, instance:cucumber_options.TestNG_testrunner_web@7d9d0818]" started-at="2023-04-25T12:40:35 IST" name="tearDownClass" finished-at="2023-04-25T12:40:36 IST" duration-ms="553" status="PASS">
          <reporter-output>
          </reporter-output>
        </test-method> <!-- tearDownClass -->
      </class> <!-- cucumber_options.TestNG_testrunner_web -->
    </test> <!-- Default test -->
  </suite> <!-- Default suite -->
</testng-results>
